# JRE version: Java(TM) SE Runtime Environment (8.0_181-b13) (build 1.8.0_181-b13)
# Java VM: Java HotSpot(TM) 64-Bit Server VM (25.181-b13 mixed mode windows-amd64 compressed oops)
Heap:
 PSYoungGen      total 141824K, used 6481K [0x000000076b000000, 0x0000000774500000, 0x00000007c0000000)
  eden space 131072K, 0% used [0x000000076b000000,0x000000076b000000,0x0000000773000000)
  from space 10752K, 60% used [0x0000000773a80000,0x00000007740d4758,0x0000000774500000)
  to   space 10752K, 0% used [0x0000000773000000,0x0000000773000000,0x0000000773a80000)
 ParOldGen       total 175104K, used 40K [0x00000006c1000000, 0x00000006cbb00000, 0x000000076b000000)
  object space 175104K, 0% used [0x00000006c1000000,0x00000006c100a000,0x00000006cbb00000)
 Metaspace       used 20647K, capacity 21540K, committed 21628K, reserved 1069056K
  class space    used 2570K, capacity 2790K, committed 2816K, reserved 1048576K
GC Heap History (9 events):
Event: 0.532 GC heap before
{Heap before GC invocations=1 (full 0):
 PSYoungGen      total 76288K, used 65536K [0x000000076b000000, 0x0000000770500000, 0x00000007c0000000)
  eden space 65536K, 100% used [0x000000076b000000,0x000000076f000000,0x000000076f000000)
  from space 10752K, 0% used [0x000000076fa80000,0x000000076fa80000,0x0000000770500000)
  to   space 10752K, 0% used [0x000000076f000000,0x000000076f000000,0x000000076fa80000)
 ParOldGen       total 175104K, used 0K [0x00000006c1000000, 0x00000006cbb00000, 0x000000076b000000)
  object space 175104K, 0% used [0x00000006c1000000,0x00000006c1000000,0x00000006cbb00000)
 Metaspace       used 11888K, capacity 12410K, committed 12672K, reserved 1060864K
  class space    used 1486K, capacity 1625K, committed 1664K, reserved 1048576K
Event: 0.537 GC heap after
Heap after GC invocations=1 (full 0):
 PSYoungGen      total 76288K, used 6737K [0x000000076b000000, 0x0000000770500000, 0x00000007c0000000)
  eden space 65536K, 0% used [0x000000076b000000,0x000000076b000000,0x000000076f000000)
  from space 10752K, 62% used [0x000000076f000000,0x000000076f6945d8,0x000000076fa80000)
  to   space 10752K, 0% used [0x000000076fa80000,0x000000076fa80000,0x0000000770500000)
 ParOldGen       total 175104K, used 8K [0x00000006c1000000, 0x00000006cbb00000, 0x000000076b000000)
  object space 175104K, 0% used [0x00000006c1000000,0x00000006c1002000,0x00000006cbb00000)
 Metaspace       used 11888K, capacity 12410K, committed 12672K, reserved 1060864K
  class space    used 1486K, capacity 1625K, committed 1664K, reserved 1048576K
}
Event: 0.751 GC heap before
{Heap before GC invocations=2 (full 0):
 PSYoungGen      total 76288K, used 72273K [0x000000076b000000, 0x0000000770500000, 0x00000007c0000000)
  eden space 65536K, 100% used [0x000000076b000000,0x000000076f000000,0x000000076f000000)
  from space 10752K, 62% used [0x000000076f000000,0x000000076f6945d8,0x000000076fa80000)
  to   space 10752K, 0% used [0x000000076fa80000,0x000000076fa80000,0x0000000770500000)
 ParOldGen       total 175104K, used 8K [0x00000006c1000000, 0x00000006cbb00000, 0x000000076b000000)
  object space 175104K, 0% used [0x00000006c1000000,0x00000006c1002000,0x00000006cbb00000)
 Metaspace       used 18610K, capacity 19342K, committed 19456K, reserved 1067008K
  class space    used 2332K, capacity 2505K, committed 2560K, reserved 1048576K
Event: 0.757 GC heap after
Heap after GC invocations=2 (full 0):
 PSYoungGen      total 76288K, used 10267K [0x000000076b000000, 0x0000000774500000, 0x00000007c0000000)
  eden space 65536K, 0% used [0x000000076b000000,0x000000076b000000,0x000000076f000000)
  from space 10752K, 95% used [0x000000076fa80000,0x0000000770486df8,0x0000000770500000)
  to   space 10752K, 0% used [0x000000076f000000,0x000000076f000000,0x000000076fa80000)
 ParOldGen       total 175104K, used 16K [0x00000006c1000000, 0x00000006cbb00000, 0x000000076b000000)
  object space 175104K, 0% used [0x00000006c1000000,0x00000006c1004000,0x00000006cbb00000)
 Metaspace       used 18610K, capacity 19342K, committed 19456K, reserved 1067008K
  class space    used 2332K, capacity 2505K, committed 2560K, reserved 1048576K
}
Event: 0.897 GC heap before
{Heap before GC invocations=3 (full 0):
 PSYoungGen      total 76288K, used 75697K [0x000000076b000000, 0x0000000774500000, 0x00000007c0000000)
  eden space 65536K, 99% used [0x000000076b000000,0x000000076efe5968,0x000000076f000000)
  from space 10752K, 95% used [0x000000076fa80000,0x0000000770486df8,0x0000000770500000)
  to   space 10752K, 0% used [0x000000076f000000,0x000000076f000000,0x000000076fa80000)
 ParOldGen       total 175104K, used 16K [0x00000006c1000000, 0x00000006cbb00000, 0x000000076b000000)
  object space 175104K, 0% used [0x00000006c1000000,0x00000006c1004000,0x00000006cbb00000)
 Metaspace       used 20260K, capacity 21150K, committed 21504K, reserved 1069056K
  class space    used 2521K, capacity 2709K, committed 2816K, reserved 1048576K
Event: 0.900 GC heap after
Heap after GC invocations=3 (full 0):
 PSYoungGen      total 76288K, used 7572K [0x000000076b000000, 0x0000000774500000, 0x00000007c0000000)
  eden space 65536K, 0% used [0x000000076b000000,0x000000076b000000,0x000000076f000000)
  from space 10752K, 70% used [0x000000076f000000,0x000000076f7651f8,0x000000076fa80000)
  to   space 10752K, 0% used [0x0000000773a80000,0x0000000773a80000,0x0000000774500000)
 ParOldGen       total 175104K, used 32K [0x00000006c1000000, 0x00000006cbb00000, 0x000000076b000000)
  object space 175104K, 0% used [0x00000006c1000000,0x00000006c1008000,0x00000006cbb00000)
 Metaspace       used 20260K, capacity 21150K, committed 21504K, reserved 1069056K
  class space    used 2521K, capacity 2709K, committed 2816K, reserved 1048576K
}
Event: 0.934 GC heap before
{Heap before GC invocations=4 (full 0):
 PSYoungGen      total 76288K, used 17766K [0x000000076b000000, 0x0000000774500000, 0x00000007c0000000)
  eden space 65536K, 15% used [0x000000076b000000,0x000000076b9f4950,0x000000076f000000)
  from space 10752K, 70% used [0x000000076f000000,0x000000076f7651f8,0x000000076fa80000)
  to   space 10752K, 0% used [0x0000000773a80000,0x0000000773a80000,0x0000000774500000)
 ParOldGen       total 175104K, used 32K [0x00000006c1000000, 0x00000006cbb00000, 0x000000076b000000)
  object space 175104K, 0% used [0x00000006c1000000,0x00000006c1008000,0x00000006cbb00000)
 Metaspace       used 20647K, capacity 21540K, committed 21628K, reserved 1069056K
  class space    used 2570K, capacity 2790K, committed 2816K, reserved 1048576K
Event: 0.937 GC heap after
Heap after GC invocations=4 (full 0):
 PSYoungGen      total 141824K, used 6481K [0x000000076b000000, 0x0000000774500000, 0x00000007c0000000)
  eden space 131072K, 0% used [0x000000076b000000,0x000000076b000000,0x0000000773000000)
  from space 10752K, 60% used [0x0000000773a80000,0x00000007740d4758,0x0000000774500000)
  to   space 10752K, 0% used [0x0000000773000000,0x0000000773000000,0x0000000773a80000)
 ParOldGen       total 175104K, used 40K [0x00000006c1000000, 0x00000006cbb00000, 0x000000076b000000)
  object space 175104K, 0% used [0x00000006c1000000,0x00000006c100a000,0x00000006cbb00000)
 Metaspace       used 20647K, capacity 21540K, committed 21628K, reserved 1069056K
  class space    used 2570K, capacity 2790K, committed 2816K, reserved 1048576K
}
Event: 0.937 GC heap before
{Heap before GC invocations=5 (full 1):
 PSYoungGen      total 141824K, used 6481K [0x000000076b000000, 0x0000000774500000, 0x00000007c0000000)
  eden space 131072K, 0% used [0x000000076b000000,0x000000076b000000,0x0000000773000000)
  from space 10752K, 60% used [0x0000000773a80000,0x00000007740d4758,0x0000000774500000)
  to   space 10752K, 0% used [0x0000000773000000,0x0000000773000000,0x0000000773a80000)
 ParOldGen       total 175104K, used 40K [0x00000006c1000000, 0x00000006cbb00000, 0x000000076b000000)
  object space 175104K, 0% used [0x00000006c1000000,0x00000006c100a000,0x00000006cbb00000)
 Metaspace       used 20647K, capacity 21540K, committed 21628K, reserved 1069056K
  class space    used 2570K, capacity 2790K, committed 2816K, reserved 1048576K

